Start testing: Jul 30 16:13 PKT
----------------------------------------------------------
1/1 Testing: gtest
1/1 Test: gtest
Command: "/home/saad/bolos-devenv/ledger-cosmos/test_val"
Directory: /home/saad/bolos-devenv/ledger-cosmos
"gtest" start time: Jul 30 16:13 PKT
Output:
----------------------------------------------------------
Running main() from /home/saad/bolos-devenv/ledger-cosmos/googletest-src/googletest/src/gtest_main.cc
[0;32m[==========] [mRunning 21 tests from 1 test suite.
[0;32m[----------] [mGlobal test environment set-up.
[0;32m[----------] [m21 tests from VoteParserTest
[0;32m[ RUN      ] [mVoteParserTest.NotInitialized
[0;32m[       OK ] [mVoteParserTest.NotInitialized (0 ms)
[0;32m[ RUN      ] [mVoteParserTest.SameHeightRound_SameType
[0;32m[       OK ] [mVoteParserTest.SameHeightRound_SameType (0 ms)
[0;32m[ RUN      ] [mVoteParserTest.SameHeightRound_NextType
[0;32m[       OK ] [mVoteParserTest.SameHeightRound_NextType (0 ms)
[0;32m[ RUN      ] [mVoteParserTest.SameHeightRound_NextType2
[0;32m[       OK ] [mVoteParserTest.SameHeightRound_NextType2 (0 ms)
[0;32m[ RUN      ] [mVoteParserTest.NextRound_SameType
[0;32m[       OK ] [mVoteParserTest.NextRound_SameType (0 ms)
[0;32m[ RUN      ] [mVoteParserTest.NextRound_NextType
[0;32m[       OK ] [mVoteParserTest.NextRound_NextType (0 ms)
[0;32m[ RUN      ] [mVoteParserTest.NextRound_NextType2
[0;32m[       OK ] [mVoteParserTest.NextRound_NextType2 (0 ms)
[0;32m[ RUN      ] [mVoteParserTest.NextHeight_SameType
[0;32m[       OK ] [mVoteParserTest.NextHeight_SameType (0 ms)
[0;32m[ RUN      ] [mVoteParserTest.NextHeight_NextType
[0;32m[       OK ] [mVoteParserTest.NextHeight_NextType (0 ms)
[0;32m[ RUN      ] [mVoteParserTest.NextHeight_NextType2
[0;32m[       OK ] [mVoteParserTest.NextHeight_NextType2 (0 ms)
[0;32m[ RUN      ] [mVoteParserTest.DeviceTest1
[0;32m[       OK ] [mVoteParserTest.DeviceTest1 (0 ms)
[0;32m[ RUN      ] [mVoteParserTest.ReadVarints
[0;32m[       OK ] [mVoteParserTest.ReadVarints (0 ms)
[0;32m[ RUN      ] [mVoteParserTest.Empty
[0;32m[       OK ] [mVoteParserTest.Empty (0 ms)
[0;32m[ RUN      ] [mVoteParserTest.Invalid
[0;32m[       OK ] [mVoteParserTest.Invalid (0 ms)
[0;32m[ RUN      ] [mVoteParserTest.AllDefaults
[0;32m[       OK ] [mVoteParserTest.AllDefaults (0 ms)
[0;32m[ RUN      ] [mVoteParserTest.DefaultData
[0;32m[       OK ] [mVoteParserTest.DefaultData (0 ms)
[0;32m[ RUN      ] [mVoteParserTest.BasicPreVote
[0;32m[       OK ] [mVoteParserTest.BasicPreVote (0 ms)
[0;32m[ RUN      ] [mVoteParserTest.BasicPrecommit
[0;32m[       OK ] [mVoteParserTest.BasicPrecommit (0 ms)
[0;32m[ RUN      ] [mVoteParserTest.MissingRound
[0;32m[       OK ] [mVoteParserTest.MissingRound (0 ms)
[0;32m[ RUN      ] [mVoteParserTest.MissingHeight
[0;32m[       OK ] [mVoteParserTest.MissingHeight (0 ms)
[0;32m[ RUN      ] [mVoteParserTest.RealMessageFromSignatory
[0;32m[       OK ] [mVoteParserTest.RealMessageFromSignatory (0 ms)
[0;32m[----------] [m21 tests from VoteParserTest (0 ms total)

[0;32m[----------] [mGlobal test environment tear-down
[0;32m[==========] [m21 tests from 1 test suite ran. (0 ms total)
[0;32m[  PASSED  ] [m21 tests.
<end of output>
Test time =   0.01 sec
----------------------------------------------------------
Test Passed.
"gtest" end time: Jul 30 16:13 PKT
"gtest" time elapsed: 00:00:00
----------------------------------------------------------

End testing: Jul 30 16:13 PKT
